[02:52:34] [ServerMain/INFO]: [bootstrap] Running Java 21 (OpenJDK 64-Bit Server VM 21.0.5+11-Ubuntu-1ubuntu120.04; Ubuntu null) on Linux 6.5.0-1025-azure (amd64)
[02:52:34] [ServerMain/INFO]: [bootstrap] Loading Paper 1.21.3-63-master@4190ee7 (2024-11-25T18:59:19Z) for Minecraft 1.21.3
[02:52:34] [ServerMain/INFO]: [PluginInitializerManager] Initializing plugins...
[02:52:35] [ServerMain/INFO]: [PluginInitializerManager] Initialized 5 plugins
[02:52:35] [ServerMain/INFO]: [PluginInitializerManager] Bukkit plugins (5):
 - Geyser-Spigot (2.6.0-SNAPSHOT), SimpleTpa (7.4), SkinsRestorer (15.5.2), ViaVersion (5.2.1), floodgate (2.2.3-SNAPSHOT (b114-83fbd6e))
[02:52:39] [ServerMain/INFO]: Environment: Environment[sessionHost=https://sessionserver.mojang.com, servicesHost=https://api.minecraftservices.com, name=PROD]
[02:52:41] [ServerMain/INFO]: Loaded 1337 recipes
[02:52:41] [ServerMain/INFO]: Loaded 1448 advancements
[02:52:41] [Server thread/INFO]: Starting minecraft server version 1.21.3
[02:52:41] [Server thread/INFO]: Loading properties
[02:52:41] [Server thread/INFO]: This server is running Paper version 1.21.3-63-master@4190ee7 (2024-11-25T18:59:19Z) (Implementing API version 1.21.3-R0.1-SNAPSHOT)
[02:52:42] [Server thread/INFO]: [spark] This server bundles the spark profiler. For more information please visit https://docs.papermc.io/paper/profiling
[02:52:42] [Server thread/INFO]: Server Ping Player Sample Count: 12
[02:52:42] [Server thread/INFO]: Using 4 threads for Netty based IO
[02:52:43] [Server thread/INFO]: [MoonriseCommon] Paper is using 1 worker threads, 1 I/O threads
[02:52:43] [Server thread/INFO]: [ChunkTaskScheduler] Chunk system is using population gen parallelism: true
[02:52:43] [Server thread/INFO]: Default game type: SURVIVAL
[02:52:43] [Server thread/INFO]: Generating keypair
[02:52:43] [Server thread/INFO]: Starting Minecraft server on *:25565
[02:52:43] [Server thread/INFO]: Using epoll channel type
[02:52:43] [Server thread/INFO]: Paper: Using libdeflate (Linux x86_64) compression from Velocity.
[02:52:43] [Server thread/INFO]: Paper: Using OpenSSL 1.1.x (Linux x86_64) cipher from Velocity.
[02:52:44] [Server thread/INFO]: [floodgate] Loading server plugin floodgate v2.2.3-SNAPSHOT (b114-83fbd6e)
[02:52:44] [Server thread/WARN]: [floodgate] en_ is not a supported Floodgate language.
[02:52:44] [Server thread/INFO]: [floodgate] Took 675ms to boot Floodgate
[02:52:44] [Server thread/INFO]: [ViaVersion] Loading server plugin ViaVersion v5.2.1
[02:52:44] [Server thread/INFO]: [ViaVersion] ViaVersion 5.2.1 is now loaded. Registering protocol transformers and injecting...
[02:52:45] [Via-Mappingloader-0/INFO]: [ViaVersion] Loading block connection mappings ...
[02:52:45] [Via-Mappingloader-0/INFO]: [ViaVersion] Using FastUtil Long2ObjectOpenHashMap for block connections
[02:52:45] [Server thread/INFO]: [SkinsRestorer] Loading server plugin SkinsRestorer v15.5.2
[02:52:45] [Server thread/INFO]: [Geyser-Spigot] Loading server plugin Geyser-Spigot v2.6.0-SNAPSHOT
[02:52:46] [Server thread/INFO]: [Geyser-Spigot] Loading extensions...
[02:52:46] [Server thread/INFO]: [Geyser-Spigot] Loaded 0 extension(s)
[02:52:46] [Server thread/INFO]: [SimpleTpa] Loading server plugin SimpleTpa v7.4
[02:52:46] [Server thread/INFO]: Server permissions file permissions.yml is empty, ignoring it
[02:52:46] [Server thread/INFO]: [SkinsRestorer] Enabling SkinsRestorer v15.5.2
[02:52:46] [Server thread/WARN]: [SkinsRestorer] You must agree to the rules at 'commands.perSkinPermissionsConsent' in the config to use per skin permissions.
[02:52:47] [Server thread/INFO]: [SkinsRestorer] Running on Minecraft 1.21.3.
[02:52:47] [Server thread/INFO]: [SkinsRestorer] Floodgate skin listener registered
[02:52:47] [Server thread/INFO]: [SkinsRestorer] Using paper join listener!
[02:52:47] [Server thread/WARN]: **** SERVER IS RUNNING IN OFFLINE/INSECURE MODE!
[02:52:47] [Server thread/WARN]: The server will make no attempt to authenticate usernames. Beware.
[02:52:47] [Server thread/WARN]: While this makes the game possible to play without internet access, it also opens up the ability for hackers to connect with any username they choose.
[02:52:47] [Server thread/WARN]: To change this, set "online-mode" to "true" in the server.properties file.
[02:52:47] [Server thread/INFO]: Preparing level "world"
[02:52:47] [Folia Async Scheduler Thread #1/INFO]: [SkinsRestorer] ----------------------------------------------
[02:52:47] [Folia Async Scheduler Thread #1/INFO]: [SkinsRestorer]     +==================+
[02:52:47] [Folia Async Scheduler Thread #1/INFO]: [SkinsRestorer]     |   SkinsRestorer  |
[02:52:47] [Folia Async Scheduler Thread #1/INFO]: [SkinsRestorer]     |------------------|
[02:52:47] [Folia Async Scheduler Thread #1/INFO]: [SkinsRestorer]     |  Standalone Mode |
[02:52:47] [Folia Async Scheduler Thread #1/INFO]: [SkinsRestorer]     +==================+
[02:52:47] [Folia Async Scheduler Thread #1/INFO]: [SkinsRestorer] ----------------------------------------------
[02:52:47] [Folia Async Scheduler Thread #1/INFO]: [SkinsRestorer]     Version: 15.5.2
[02:52:47] [Folia Async Scheduler Thread #1/INFO]: [SkinsRestorer]     Commit: ae257f6
[02:52:47] [Folia Async Scheduler Thread #1/INFO]: [SkinsRestorer]     This is the latest version!
[02:52:47] [Folia Async Scheduler Thread #1/INFO]: [SkinsRestorer] ----------------------------------------------
[02:52:47] [Folia Async Scheduler Thread #1/INFO]: [SkinsRestorer] Do you have issues? Read our troubleshooting guide: https://skinsrestorer.net/docs/troubleshooting
[02:52:47] [Folia Async Scheduler Thread #1/INFO]: [SkinsRestorer] Want to support SkinsRestorer? Consider donating: https://skinsrestorer.net/donate
[02:52:48] [Server thread/INFO]: Preparing start region for dimension minecraft:overworld
[02:52:48] [Server thread/INFO]: Preparing spawn area: 0%
[02:52:48] [Server thread/INFO]: Preparing spawn area: 26%
[02:52:48] [Server thread/INFO]: Time elapsed: 602 ms
[02:52:48] [Server thread/INFO]: Preparing start region for dimension minecraft:the_nether
[02:52:48] [Server thread/INFO]: Preparing spawn area: 0%
[02:52:48] [Paper Common Worker #0/INFO]: [MCTypeRegistry] Initialising converters for DataConverter...
[02:52:48] [Paper Common Worker #0/INFO]: [MCTypeRegistry] Finished initialising converters for DataConverter in 274.0ms
[02:52:49] [Server thread/INFO]: Preparing spawn area: 2%
[02:52:49] [Server thread/INFO]: Time elapsed: 826 ms
[02:52:49] [Server thread/INFO]: Preparing start region for dimension minecraft:the_end
[02:52:49] [Server thread/INFO]: Preparing spawn area: 0%
[02:52:49] [Server thread/INFO]: Time elapsed: 125 ms
[02:52:49] [Server thread/INFO]: [floodgate] Enabling floodgate v2.2.3-SNAPSHOT (b114-83fbd6e)
[02:52:49] [Server thread/INFO]: [ViaVersion] Enabling ViaVersion v5.2.1
[02:52:49] [Server thread/INFO]: [ViaVersion] ViaVersion detected server version: 1.21.2-1.21.3 (768)
[02:52:49] [Server thread/INFO]: [Geyser-Spigot] Enabling Geyser-Spigot v2.6.0-SNAPSHOT
[02:52:50] [Server thread/INFO]: [SimpleTpa] Enabling SimpleTpa v7.4
[02:52:50] [Server thread/INFO]: [SimpleTpa] If you need support contact me at https://discord.gg/SZUkza9
[02:52:50] [Server thread/INFO]: [SimpleTpa] Simple Tpa has been enabled on version 7.4
[02:52:50] [Server thread/INFO]: Enabled metrics. You may opt-out by changing plugins/bStats/config.yml
[02:52:50] [Server thread/INFO]: [spark] Starting background profiler...
[02:52:50] [Server thread/INFO]: [Geyser-Spigot] ******************************************
[02:52:50] [Server thread/INFO]: [Geyser-Spigot] 
[02:52:50] [Server thread/INFO]: [Geyser-Spigot] Loading Geyser version 2.6.0-b754 (git-master-ea13e58)
[02:52:50] [Server thread/INFO]: [Geyser-Spigot] 
[02:52:50] [Server thread/INFO]: [Geyser-Spigot] ******************************************
[02:52:54] [epollEventLoopGroup-3-2/INFO]: [Geyser-Spigot] Started Geyser on UDP port 25565
[02:52:54] [Server thread/INFO]: [Geyser-Spigot] Done (3.503s)! Run /geyser help for help!
[02:52:54] [Server thread/INFO]: Done preparing level "world" (6.773s)
[02:52:54] [Server thread/INFO]: Running delayed init tasks
[02:52:54] [Craft Scheduler Thread - 2 - ViaVersion/INFO]: [ViaVersion] Finished mapping loading, shutting down loader executor.
[02:52:54] [Server thread/INFO]: Done (20.600s)! For help, type "help"
[02:53:45] [Server thread/INFO]: Stopping server
[02:53:45] [Server thread/INFO]: [SimpleTpa] Disabling SimpleTpa v7.4
[02:53:45] [Server thread/INFO]: [SimpleTpa] If you need support contact me at https://discord.gg/SZUkza9
[02:53:45] [Server thread/INFO]: [SimpleTpa] Simple Tpa has been disabled on version 7.4
[02:53:45] [Server thread/INFO]: [Geyser-Spigot] Disabling Geyser-Spigot v2.6.0-SNAPSHOT
[02:53:45] [Server thread/INFO]: [Geyser-Spigot] Shutting down Geyser.
[02:53:45] [Server thread/INFO]: [Geyser-Spigot] Geyser shutdown successfully.
[02:53:45] [Server thread/INFO]: [SkinsRestorer] Disabling SkinsRestorer v15.5.2
[02:53:45] [Server thread/INFO]: [ViaVersion] Disabling ViaVersion v5.2.1
[02:53:45] [Server thread/INFO]: [ViaVersion] ViaVersion has been disabled; uninjected the platform and shut down the scheduler.
[02:53:45] [Server thread/INFO]: [floodgate] Disabling floodgate v2.2.3-SNAPSHOT (b114-83fbd6e)
[02:53:45] [Server thread/INFO]: Saving players
[02:53:46] [WebSocketConnectReadThread-97/INFO]: [Geyser-Spigot] The skin uploader has been closed
[02:53:46] [Server thread/INFO]: Saving worlds
[02:53:46] [Server thread/INFO]: Saving chunks for level 'ServerLevel[world]'/minecraft:overworld
[02:53:46] [Server thread/INFO]: [ChunkHolderManager] Waiting 60s for chunk system to halt for world 'world'
[02:53:46] [Server thread/INFO]: [ChunkHolderManager] Halted chunk system for world 'world'
[02:53:46] [Server thread/INFO]: [ChunkHolderManager] Saving all chunkholders for world 'world'
[02:53:46] [Server thread/INFO]: [ChunkHolderManager] Saved 49 block chunks, 49 entity chunks, 0 poi chunks in world 'world' in 0.26s
[02:53:46] [Server thread/INFO]: [ChunkHolderManager] Waiting 60s for chunk I/O to halt for world 'world'
[02:53:46] [Server thread/INFO]: [ChunkHolderManager] Halted I/O scheduler for world 'world'
[02:53:46] [Server thread/INFO]: Saving chunks for level 'ServerLevel[world_nether]'/minecraft:the_nether
[02:53:46] [Server thread/INFO]: [ChunkHolderManager] Waiting 60s for chunk system to halt for world 'world_nether'
[02:53:46] [Server thread/INFO]: [ChunkHolderManager] Halted chunk system for world 'world_nether'
[02:53:46] [Server thread/INFO]: [ChunkHolderManager] Saving all chunkholders for world 'world_nether'
[02:53:46] [Server thread/INFO]: [ChunkHolderManager] Saved 49 block chunks, 49 entity chunks, 0 poi chunks in world 'world_nether' in 0.13s
[02:53:46] [Server thread/INFO]: [ChunkHolderManager] Waiting 60s for chunk I/O to halt for world 'world_nether'
[02:53:46] [Server thread/INFO]: [ChunkHolderManager] Halted I/O scheduler for world 'world_nether'
[02:53:46] [Server thread/INFO]: Saving chunks for level 'ServerLevel[world_the_end]'/minecraft:the_end
[02:53:46] [Server thread/INFO]: [ChunkHolderManager] Waiting 60s for chunk system to halt for world 'world_the_end'
[02:53:46] [Server thread/INFO]: [ChunkHolderManager] Halted chunk system for world 'world_the_end'
[02:53:46] [Server thread/INFO]: [ChunkHolderManager] Saving all chunkholders for world 'world_the_end'
[02:53:46] [Server thread/INFO]: [ChunkHolderManager] Saved 49 block chunks, 49 entity chunks, 0 poi chunks in world 'world_the_end' in 0.06s
[02:53:46] [Server thread/INFO]: [ChunkHolderManager] Waiting 60s for chunk I/O to halt for world 'world_the_end'
[02:53:46] [Server thread/INFO]: [ChunkHolderManager] Halted I/O scheduler for world 'world_the_end'
[02:53:46] [Server thread/INFO]: ThreadedAnvilChunkStorage (world): All chunks are saved
[02:53:46] [Server thread/INFO]: ThreadedAnvilChunkStorage (DIM-1): All chunks are saved
[02:53:46] [Server thread/INFO]: ThreadedAnvilChunkStorage (DIM1): All chunks are saved
[02:53:46] [Server thread/INFO]: ThreadedAnvilChunkStorage: All dimensions are saved
[02:53:46] [Server thread/INFO]: Waiting for I/O tasks to complete...
[02:53:46] [Server thread/INFO]: All I/O tasks to complete
[02:53:46] [Server thread/INFO]: [MoonriseCommon] Awaiting termination of worker pool for up to 60s...
[02:53:46] [Server thread/INFO]: [MoonriseCommon] Awaiting termination of I/O pool for up to 60s...
